c:\users\s171762\desktop\containerlibrary.git\containerlibrary\containerlibrary\debug\vc140.pdb
c:\users\s171762\desktop\containerlibrary.git\containerlibrary\containerlibrary\debug\vc140.idb
c:\users\s171762\desktop\containerlibrary.git\containerlibrary\containerlibrary\debug\entity.obj
c:\users\s171762\desktop\containerlibrary.git\containerlibrary\containerlibrary\debug\objectpool.obj
c:\users\s171762\desktop\containerlibrary.git\containerlibrary\containerlibrary\debug\source.obj
c:\users\s171762\desktop\containerlibrary.git\containerlibrary\containerlibrary\debug\state.obj
c:\users\s171762\desktop\containerlibrary.git\containerlibrary\containerlibrary\debug\game.obj
c:\users\s171762\desktop\containerlibrary.git\containerlibrary\containerlibrary\debug\menu.obj
c:\users\s171762\desktop\containerlibrary.git\containerlibrary\containerlibrary\debug\statemachine.obj
c:\users\s171762\desktop\containerlibrary.git\containerlibrary\debug\containerlibrary.ilk
c:\users\s171762\desktop\containerlibrary.git\containerlibrary\debug\containerlibrary.exe
c:\users\s171762\desktop\containerlibrary.git\containerlibrary\debug\containerlibrary.pdb
c:\users\s171762\desktop\gameproject-nicholasweaire.git\containerlibrary\containerlibrary\debug\entity.obj
c:\users\s171762\desktop\gameproject-nicholasweaire.git\containerlibrary\containerlibrary\debug\game.obj
c:\users\s171762\desktop\gameproject-nicholasweaire.git\containerlibrary\containerlibrary\debug\menu.obj
c:\users\s171762\desktop\gameproject-nicholasweaire.git\containerlibrary\containerlibrary\debug\objectpool.obj
c:\users\s171762\desktop\gameproject-nicholasweaire.git\containerlibrary\containerlibrary\debug\source.obj
c:\users\s171762\desktop\gameproject-nicholasweaire.git\containerlibrary\containerlibrary\debug\state.obj
c:\users\s171762\desktop\gameproject-nicholasweaire.git\containerlibrary\containerlibrary\debug\statemachine.obj
c:\users\s171762\desktop\gameproject-nicholasweaire.git\containerlibrary\containerlibrary\debug\vc140.idb
c:\users\s171762\desktop\gameproject-nicholasweaire.git\containerlibrary\containerlibrary\debug\vc140.pdb
c:\users\s171762\desktop\gameproject-nicholasweaire.git\containerlibrary\debug\containerlibrary.pdb
c:\users\s171762\desktop\gameproject-nicholasweaire.git\containerlibrary\debug\containerlibrary.ilk
c:\users\s171762\desktop\gameproject-nicholasweaire.git\containerlibrary\containerlibrary\debug\containerlibrary.tlog\cl.command.1.tlog
c:\users\s171762\desktop\gameproject-nicholasweaire.git\containerlibrary\containerlibrary\debug\containerlibrary.tlog\cl.read.1.tlog
c:\users\s171762\desktop\gameproject-nicholasweaire.git\containerlibrary\containerlibrary\debug\containerlibrary.tlog\cl.write.1.tlog
c:\users\s171762\desktop\gameproject-nicholasweaire.git\containerlibrary\containerlibrary\debug\containerlibrary.tlog\link.command.1.tlog
c:\users\s171762\desktop\gameproject-nicholasweaire.git\containerlibrary\containerlibrary\debug\containerlibrary.tlog\link.read.1.tlog
c:\users\s171762\desktop\gameproject-nicholasweaire.git\containerlibrary\containerlibrary\debug\containerlibrary.tlog\link.write.1.tlog
